Канал D. Эксп = 3316 Амп = 199
>>> m36_049_Dz_202308281414.txt
Расчёт спектра ZD.
>>> m36_049_ZD_202308281414.txt
Канал Z. Эксп = 50 Амп = 4000
Канал Z. Эксп = 400 Амп = 4033
Канал Z. Эксп = 3173 Амп = 35318
>>> m36_050_Z_202308281424.txt
Канал D. Эксп = 3173 Амп = 200
>>> m36_050_Dz_202308281424.txt
Расчёт спектра ZD.
>>> m36_050_ZD_202308281424.txt
Канал Z. Эксп = 50 Амп = 3458
Канал Z. Эксп = 462 Амп = 3379
Канал Z. Эксп = 4000 Амп = 33126
>>> m36_051_Z_202308281434.txt
Канал D. Эксп = 4000 Амп = 223
>>> m36_051_Dz_202308281435.txt
Расчёт спектра ZD.
>>> m36_051_ZD_202308281435.txt
Канал Z. Эксп = 50 Амп = 4366
Канал Z. Эксп = 366 Амп = 4304
Канал Z. Эксп = 2721 Амп = 33613
>>> m36_052_Z_202308281444.txt
Канал D. Эксп = 2721 Амп = 192
>>> m36_052_Dz_202308281444.txt
Расчёт спектра ZD.
>>> m36_052_ZD_202308281444.txt
Канал Z. Эксп = 50 Амп = 3761
Канал Z. Эксп = 425 Амп = 3746
Канал Z. Эксп = 3630 Амп = 33444
>>> m36_053_Z_202308281454.txt
Канал D. Эксп = 3630 Амп = 192
>>> m36_053_Dz_202308281454.txt
Расчёт спектра ZD.
>>> m36_053_ZD_202308281454.txt
Канал Z. Эксп = 50 Амп = 3968
Канал Z. Эксп = 403 Амп = 3928
Канал Z. Эксп = 3283 Амп = 33181
>>> m36_054_Z_202308281504.txt
Канал D. Эксп = 3283 Амп = 183
>>> m36_054_Dz_202308281504.txt
Расчёт спектра ZD.
>>> m36_054_ZD_202308281504.txt
Канал Z. Эксп = 50 Амп = 4239
Канал Z. Эксп = 377 Амп = 4200
Канал Z. Эксп = 2872 Амп = 33310
>>> m36_055_Z_202308281514.txt
Канал D. Эксп = 2872 Амп = 167
>>> m36_055_Dz_202308281514.txt
Расчёт спектра ZD.
>>> m36_055_ZD_202308281514.txt
Канал Z. Эксп = 50 Амп = 3291
Канал Z. Эксп = 486 Амп = 3354
Канал Z. Эксп = 4000 Амп = 35716
>>> m36_056_Z_202308281524.txt
Канал D. Эксп = 4000 Амп = 175
>>> m36_056_Dz_202308281525.txt
Расчёт спектра ZD.
>>> m36_056_ZD_202308281525.txt
Канал Z. Эксп = 50 Амп = 2726
Канал Z. Эксп = 586 Амп = 2981
Канал Z. Эксп = 4000 Амп = 37389
>>> m36_057_Z_202308281534.txt
Канал D. Эксп = 4000 Амп = 183
>>> m36_057_Dz_202308281535.txt
Расчёт спектра ZD.
>>> m36_057_ZD_202308281535.txt
Канал Z. Эксп = 50 Амп = 1666
Канал Z. Эксп = 960 Амп = 1713
Канал Z. Эксп = 4000 Амп = 33739
>>> m36_058_Z_202308281544.txt
Канал D. Эксп = 4000 Амп = 152
>>> m36_058_Dz_202308281545.txt
Расчёт спектра ZD.
>>> m36_058_ZD_202308281545.txt
Канал Z. Эксп = 50 Амп = 1228
Канал Z. Эксп = 1302 Амп = 1243
Канал Z. Эксп = 4000 Амп = 33349
>>> m36_059_Z_202308281554.txt
Канал D. Эксп = 4000 Амп = 151
>>> m36_059_Dz_202308281555.txt
Расчёт спектра ZD.
>>> m36_059_ZD_202308281555.txt
Канал Z. Эксп = 50 Амп = 1993
Канал Z. Эксп = 802 Амп = 2111
Канал Z. Эксп = 4000 Амп = 38641
>>> m36_060_Z_202308281604.txt
Канал D. Эксп = 4000 Амп = 175
>>> m36_060_Dz_202308281605.txt
Расчёт спектра ZD.
>>> m36_060_ZD_202308281605.txt
Канал Z. Эксп = 50 Амп = 3880
Канал Z. Эксп = 412 Амп = 3944
Канал Z. Эксп = 3342 Амп = 34719
>>> m36_061_Z_202308281614.txt
Канал D. Эксп = 3342 Амп = 143
>>> m36_061_Dz_202308281615.txt
Расчёт спектра ZD.
>>> m36_061_ZD_202308281615.txt
Канал Z. Эксп = 50 Амп = 4256
Канал Z. Эксп = 375 Амп = 3873
Канал Z. Эксп = 3098 Амп = 32902
>>> m36_062_Z_202308281624.txt
Канал D. Эксп = 3098 Амп = 144
>>> m36_062_Dz_202308281625.txt
Расчёт спектра ZD.
>>> m36_062_ZD_202308281625.txt
Канал Z. Эксп = 50 Амп = 2159
Канал Z. Эксп = 741 Амп = 1913
Канал Z. Эксп = 4000 Амп = 30886
>>> m36_063_Z_202308281634.txt
Канал D. Эксп = 4000 Амп = 159
>>> m36_063_Dz_202308281635.txt
Расчёт спектра ZD.
>>> m36_063_ZD_202308281635.txt
Канал Z. Эксп = 50 Амп = 2160
Канал Z. Эксп = 740 Амп = 1889
Канал Z. Эксп = 4000 Амп = 31962
>>> m36_064_Z_202308281644.txt
Канал D. Эксп = 4000 Амп = 151
>>> m36_064_Dz_202308281645.txt
Расчёт спектра ZD.
>>> m36_064_ZD_202308281645.txt
Канал Z. Эксп = 50 Амп = 1322
Канал Z. Эксп = 1210 Амп = 1402
Канал Z. Эксп = 4000 Амп = 34345
>>> m36_065_Z_202308281654.txt
Канал D. Эксп = 4000 Амп = 152
>>> m36_065_Dz_202308281655.txt
Расчёт спектра ZD.
>>> m36_065_ZD_202308281655.txt
Канал Z. Эксп = 50 Амп = 1714
Канал Z. Эксп = 933 Амп = 1730
Канал Z. Эксп = 4000 Амп = 32314
>>> m36_066_Z_202308281704.txt
Канал D. Эксп = 4000 Амп = 159
>>> m36_066_Dz_202308281705.txt
Расчёт спектра ZD.
>>> m36_066_ZD_202308281705.txt
Канал Z. Эксп = 50 Амп = 1515
Канал Z. Эксп = 1056 Амп = 1530
Канал Z. Эксп = 4000 Амп = 33047
>>> m36_067_Z_202308281714.txt
Канал D. Эксп = 4000 Амп = 144
>>> m36_067_Dz_202308281715.txt
Расчёт спектра ZD.
>>> m36_067_ZD_202308281715.txt
Канал Z. Эксп = 50 Амп = 1259
Канал Z. Эксп = 1270 Амп = 1260
Канал Z. Эксп = 4000 Амп = 33055
>>> m36_068_Z_202308281724.txt
Канал D. Эксп = 4000 Амп = 144
>>> m36_068_Dz_202308281725.txt
Расчёт спектра ZD.
>>> m36_068_ZD_202308281725.txt
Канал Z. Эксп = 50 Амп = 3403
Канал Z. Эксп = 470 Амп = 3330
Канал Z. Эксп = 4000 Амп = 30314
>>> m36_069_Z_202308281734.txt
Канал D. Эксп = 4000 Амп = 159
>>> m36_069_Dz_202308281735.txt
Расчёт спектра ZD.
>>> m36_069_ZD_202308281735.txt
Канал Z. Эксп = 50 Амп = 1275
Канал Z. Эксп = 1254 Амп = 1228
Канал Z. Эксп = 4000 Амп = 32338
>>> m36_070_Z_202308281744.txt
Канал D. Эксп = 4000 Амп = 151
>>> m36_070_Dz_202308281745.txt
Расчёт спектра ZD.
>>> m36_070_ZD_202308281745.txt
Канал Z. Эксп = 50 Амп = 1378
Канал Z. Эксп = 1161 Амп = 1354
Канал Z. Эксп = 4000 Амп = 34449
>>> m36_071_Z_202308281754.txt
Канал D. Эксп = 4000 Амп = 127
>>> m36_071_Dz_202308281755.txt
Расчёт спектра ZD.
>>> m36_071_ZD_202308281755.txt
Канал Z. Эксп = 50 Амп = 908
Канал Z. Эксп = 1762 Амп = 844
Канал Z. Эксп = 4000 Амп = 32537
>>> m36_072_Z_202308281804.txt
Канал D. Эксп = 4000 Амп = 128
>>> m36_072_Dz_202308281805.txt
Расчёт спектра ZD.
>>> m36_072_ZD_202308281805.txt
Канал Z. Эксп = 50 Амп = 1172
Канал Z. Эксп = 1365 Амп = 1164
Канал Z. Эксп = 4000 Амп = 27492
>>> m36_073_Z_202308281814.txt
Канал D. Эксп = 4000 Амп = 127
>>> m36_073_Dz_202308281815.txt
Расчёт спектра ZD.
>>> m36_073_ZD_202308281815.txt
Канал Z. Эксп = 50 Амп = 916
Канал Z. Эксп = 1746 Амп = 804
Канал Z. Эксп = 4000 Амп = 28823
>>> m36_074_Z_202308281824.txt
Канал D. Эксп = 4000 Амп = 112
>>> m36_074_Dz_202308281825.txt
Расчёт спектра ZD.
>>> m36_074_ZD_202308281825.txt
Канал Z. Эксп = 50 Амп = 852
Канал Z. Эксп = 1877 Амп = 868
Канал Z. Эксп = 4000 Амп = 32736
>>> m36_075_Z_202308281834.txt
Канал D. Эксп = 4000 Амп = 127
>>> m36_075_Dz_202308281835.txt
Расчёт спектра ZD.
>>> m36_075_ZD_202308281835.txt
Канал Z. Эксп = 50 Амп = 470
Канал Z. Эксп = 3404 Амп = 439
Канал Z. Эксп = 4000 Амп = 28425
>>> m36_076_Z_202308281844.txt
Канал D. Эксп = 4000 Амп = 127
>>> m36_076_Dz_202308281845.txt
Расчёт спектра ZD.
>>> m36_076_ZD_202308281845.txt
Канал Z. Эксп = 50 Амп = 447
Канал Z. Эксп = 3579 Амп = 366
Канал Z. Эксп = 4000 Амп = 30361
>>> m36_077_Z_202308281854.txt
Канал D. Эксп = 4000 Амп = 127
>>> m36_077_Dz_202308281855.txt
Расчёт спектра ZD.
>>> m36_077_ZD_202308281855.txt
Канал Z. Эксп = 50 Амп = 438
Канал Z. Эксп = 3652 Амп = 407
Канал Z. Эксп = 4000 Амп = 31310
>>> m36_078_Z_202308281904.txt
Канал D. Эксп = 4000 Амп = 120
>>> m36_078_Dz_202308281905.txt
Расчёт спектра ZD.
>>> m36_078_ZD_202308281905.txt
Канал Z. Эксп = 50 Амп = 734
Канал Z. Эксп = 2179 Амп = 693
Канал Z. Эксп = 4000 Амп = 35221
>>> m36_079_Z_202308281914.txt
Канал D. Эксп = 4000 Амп = 104
>>> m36_079_Dz_202308281915.txt
Расчёт спектра ZD.
>>> m36_079_ZD_202308281915.txt
Канал Z. Эксп = 50 Амп = 311
Канал Z. Эксп = 4000 Амп = 294
>>> m36_080_Z_202308281924.txt
Канал D. Эксп = 4000 Амп = 95
>>> m36_080_Dz_202308281925.txt
Расчёт спектра ZD.
>>> m36_080_ZD_202308281925.txt
Канал Z. Эксп = 50 Амп = 207
Канал Z. Эксп = 4000 Амп = 240
>>> m36_081_Z_202308281934.txt
Канал D. Эксп = 4000 Амп = 103
>>> m36_081_Dz_202308281935.txt
Расчёт спектра ZD.
>>> m36_081_ZD_202308281935.txt
Канал Z. Эксп = 50 Амп = 143
Канал Z. Эксп = 4000 Амп = 136
>>> m36_001_Z_202308290616.txt
Канал D. Эксп = 4000 Амп = 0
>>> m36_001_Dz_202308290616.txt
Расчёт спектра ZD.
>>> m36_001_ZD_202308290616.txt
Канал Z. Эксп = 50 Амп = 223
Канал Z. Эксп = 4000 Амп = 239
>>> m36_002_Z_202308290626.txt
Канал D. Эксп = 4000 Амп = 0
>>> m36_002_Dz_202308290626.txt
Расчёт спектра ZD.
>>> m36_002_ZD_202308290626.txt
Канал Z. Эксп = 50 Амп = 278
Канал Z. Эксп = 4000 Амп = 295
>>> m36_003_Z_202308290636.txt
Канал D. Эксп = 4000 Амп = 112
>>> m36_003_Dz_202308290636.txt
Расчёт спектра ZD.
>>> m36_003_ZD_202308290636.txt
Канал Z. Эксп = 50 Амп = 359
Канал Z. Эксп = 4000 Амп = 358
>>> m36_004_Z_202308290646.txt
Канал D. Эксп = 4000 Амп = 184
>>> m36_004_Dz_202308290646.txt
Расчёт спектра ZD.
>>> m36_004_ZD_202308290646.txt
Канал Z. Эксп = 50 Амп = 382
Канал Z. Эксп = 4000 Амп = 359
>>> m36_005_Z_202308290656.txt
Канал D. Эксп = 4000 Амп = 120
>>> m36_005_Dz_202308290656.txt
Расчёт спектра ZD.
>>> m36_005_ZD_202308290656.txt
Канал Z. Эксп = 50 Амп = 510
Канал Z. Эксп = 3137 Амп = 510
Канал Z. Эксп = 4000 Амп = 33493
>>> m36_006_Z_202308290706.txt
Канал D. Эксп = 4000 Амп = 208
>>> m36_006_Dz_202308290707.txt
Расчёт спектра ZD.
>>> m36_006_ZD_202308290707.txt
Канал Z. Эксп = 50 Амп = 590
Канал Z. Эксп = 2711 Амп = 589
Канал Z. Эксп = 4000 Амп = 33213
>>> m36_007_Z_202308290716.txt
Канал D. Эксп = 4000 Амп = 303
>>> m36_007_Dz_202308290717.txt
Расчёт спектра ZD.
>>> m36_007_ZD_202308290717.txt
Канал Z. Эксп = 50 Амп = 526
Канал Z. Эксп = 3041 Амп = 533
Канал Z. Эксп = 4000 Амп = 32393
>>> m36_008_Z_202308290726.txt
Канал D. Эксп = 4000 Амп = 127
>>> m36_008_Dz_202308290727.txt
Расчёт спектра ZD.
>>> m36_008_ZD_202308290727.txt
Канал Z. Эксп = 50 Амп = 494
Канал Z. Эксп = 3238 Амп = 510
Канал Z. Эксп = 4000 Амп = 33947
>>> m36_009_Z_202308290736.txt
Канал D. Эксп = 4000 Амп = 96
>>> m36_009_Dz_202308290737.txt
Расчёт спектра ZD.
>>> m36_009_ZD_202308290737.txt
Канал Z. Эксп = 50 Амп = 471
Канал Z. Эксп = 3397 Амп = 447
Канал Z. Эксп = 4000 Амп = 33158
>>> m36_010_Z_202308290746.txt
Канал D. Эксп = 4000 Амп = 87
>>> m36_010_Dz_202308290747.txt
Расчёт спектра ZD.
>>> m36_010_ZD_202308290747.txt
Канал Z. Эксп = 50 Амп = 455
Канал Z. Эксп = 3516 Амп = 463
Канал Z. Эксп = 4000 Амп = 35190
>>> m36_011_Z_202308290756.txt
Канал D. Эксп = 4000 Амп = 63
>>> m36_011_Dz_202308290757.txt
Расчёт спектра ZD.
>>> m36_011_ZD_202308290757.txt
Канал Z. Эксп = 50 Амп = 510
Канал Z. Эксп = 3137 Амп = 487
Канал Z. Эксп = 4000 Амп = 34321
>>> m36_012_Z_202308290806.txt
Канал D. Эксп = 4000 Амп = 56
>>> m36_012_Dz_202308290807.txt
Расчёт спектра ZD.
>>> m36_012_ZD_202308290807.txt
Канал Z. Эксп = 50 Амп = 479
Канал Z. Эксп = 3340 Амп = 503
Канал Z. Эксп = 4000 Амп = 37214
>>> m36_013_Z_202308290816.txt
Канал D. Эксп = 4000 Амп = 40
>>> m36_013_Dz_202308290817.txt
Расчёт спектра ZD.
>>> m36_013_ZD_202308290817.txt
Канал Z. Эксп = 50 Амп = 549
Канал Z. Эксп = 2914 Амп = 534
Канал Z. Эксп = 4000 Амп = 35197
>>> m36_014_Z_202308290826.txt
Канал D. Эксп = 4000 Амп = 32
>>> m36_014_Dz_202308290827.txt
Расчёт спектра ZD.
>>> m36_014_ZD_202308290827.txt
Канал Z. Эксп = 50 Амп = 566
Канал Z. Эксп = 2826 Амп = 549
Канал Z. Эксп = 4000 Амп = 35613
>>> m36_015_Z_202308290836.txt
Канал D. Эксп = 4000 Амп = 64
>>> m36_015_Dz_202308290837.txt
Расчёт спектра ZD.
>>> m36_015_ZD_202308290837.txt
Канал Z. Эксп = 50 Амп = 597
Канал Z. Эксп = 2680 Амп = 605
Канал Z. Эксп = 4000 Амп = 35318
>>> m36_016_Z_202308290846.txt
Канал D. Эксп = 4000 Амп = 64
>>> m36_016_Dz_202308290847.txt
Расчёт спектра ZD.
>>> m36_016_ZD_202308290847.txt
Канал Z. Эксп = 50 Амп = 638
Канал Z. Эксп = 2507 Амп = 597
Канал Z. Эксп = 4000 Амп = 33892
>>> m36_017_Z_202308290856.txt
Канал D. Эксп = 4000 Амп = 64
>>> m36_017_Dz_202308290857.txt
Расчёт спектра ZD.
>>> m36_017_ZD_202308290857.txt
Канал Z. Эксп = 50 Амп = 613
Канал Z. Эксп = 2610 Амп = 629
Канал Z. Эксп = 4000 Амп = 36306
>>> m36_018_Z_202308290906.txt
Канал D. Эксп = 4000 Амп = 71
>>> m36_018_Dz_202308290907.txt
Расчёт спектра ZD.
>>> m36_018_ZD_202308290907.txt
Канал Z. Эксп = 50 Амп = 678
Канал Z. Эксп = 2359 Амп = 662
Канал Z. Эксп = 4000 Амп = 34362
>>> m36_019_Z_202308290916.txt
Канал D. Эксп = 4000 Амп = 80
>>> m36_019_Dz_202308290917.txt
Расчёт спектра ZD.
>>> m36_019_ZD_202308290917.txt
Канал Z. Эксп = 50 Амп = 725
Канал Z. Эксп = 2206 Амп = 765
Канал Z. Эксп = 4000 Амп = 35397
>>> m36_020_Z_202308290926.txt
Канал D. Эксп = 4000 Амп = 87
>>> m36_020_Dz_202308290927.txt
Расчёт спектра ZD.
>>> m36_020_ZD_202308290927.txt
Канал Z. Эксп = 50 Амп = 765
Канал Z. Эксп = 2091 Амп = 804
Канал Z. Эксп = 4000 Амп = 34170
>>> m36_021_Z_202308290936.txt
Канал D. Эксп = 4000 Амп = 104
>>> m36_021_Dz_202308290937.txt
Расчёт спектра ZD.
>>> m36_021_ZD_202308290937.txt
Канал Z. Эксп = 50 Амп = 3698
Канал Z. Эксп = 432 Амп = 3220
Канал Z. Эксп = 4000 Амп = 30392
>>> m36_022_Z_202308290946.txt
Канал D. Эксп = 4000 Амп = 127
>>> m36_022_Dz_202308290947.txt
Расчёт спектра ZD.
>>> m36_022_ZD_202308290947.txt
Канал Z. Эксп = 50 Амп = 1474
Канал Z. Эксп = 1085 Амп = 2184
Канал Z. Эксп = 4000 Амп = 46562
>>> m36_023_Z_202308290956.txt
Канал D. Эксп = 4000 Амп = 128
>>> m36_023_Dz_202308290957.txt
Расчёт спектра ZD.
>>> m36_023_ZD_202308290957.txt
Канал Z. Эксп = 50 Амп = 869
Канал Z. Эксп = 1841 Амп = 869
Канал Z. Эксп = 4000 Амп = 31381
>>> m36_024_Z_202308291006.txt
Канал D. Эксп = 4000 Амп = 144
>>> m36_024_Dz_202308291007.txt
Расчёт спектра ZD.
>>> m36_024_ZD_202308291007.txt
Канал Z. Эксп = 50 Амп = 4981
Канал Z. Эксп = 321 Амп = 3354
Канал Z. Эксп = 3062 Амп = 19459
Канал Z. Эксп = 4000 Амп = 65192
>>> m36_025_Z_202308291016.txt
Канал D. Эксп = 4000 Амп = 168
>>> m36_025_Dz_202308291017.txt
Расчёт спектра ZD.
>>> m36_025_ZD_202308291017.txt
Канал Z. Эксп = 50 Амп = 4758
Канал Z. Эксп = 336 Амп = 3769
Канал Z. Эксп = 2852 Амп = 25484
>>> m36_026_Z_202308291026.txt
Канал D. Эксп = 2852 Амп = 159
>>> m36_026_Dz_202308291026.txt
Расчёт спектра ZD.
>>> m36_026_ZD_202308291026.txt
Канал Z. Эксп = 50 Амп = 1180
Канал Z. Эксп = 1355 Амп = 1706
Канал Z. Эксп = 4000 Амп = 37071
>>> m36_027_Z_202308291036.txt
Канал D. Эксп = 4000 Амп = 168
>>> m36_027_Dz_202308291037.txt
Расчёт спектра ZD.
>>> m36_027_ZD_202308291037.txt
Канал Z. Эксп = 50 Амп = 2462
Канал Z. Эксп = 649 Амп = 1729
Канал Z. Эксп = 4000 Амп = 28425
>>> m36_028_Z_202308291046.txt
Канал D. Эксп = 4000 Амп = 191
>>> m36_028_Dz_202308291047.txt
Расчёт спектра ZD.
>>> m36_028_ZD_202308291047.txt
Канал Z. Эксп = 50 Амп = 1099
Канал Z. Эксп = 1455 Амп = 1291
Канал Z. Эксп = 4000 Амп = 65161
>>> m36_029_Z_202308291056.txt
Канал D. Эксп = 4000 Амп = 192
>>> m36_029_Dz_202308291057.txt
Расчёт спектра ZD.
>>> m36_029_ZD_202308291057.txt
Канал Z. Эксп = 50 Амп = 2176
Канал Z. Эксп = 735 Амп = 1330
Канал Z. Эксп = 4000 Амп = 14671
>>> m36_030_Z_202308291106.txt
Канал D. Эксп = 4000 Амп = 183
>>> m36_030_Dz_202308291107.txt
Расчёт спектра ZD.
>>> m36_030_ZD_202308291107.txt
Канал Z. Эксп = 50 Амп = 1283
Канал Z. Эксп = 1247 Амп = 1379
Канал Z. Эксп = 4000 Амп = 34904
>>> m36_031_Z_202308291116.txt
Канал D. Эксп = 4000 Амп = 168
>>> m36_031_Dz_202308291117.txt
Расчёт спектра ZD.
>>> m36_031_ZD_202308291117.txt
Кабель не подключен к ПК!                   
Кабель не подключен к ПК!                   
Кабель не подключен к ПК!                   
Кабель не подключен к ПК!                   
Кабель не подключен к ПК!                   
Кабель не подключен к ПК!                   
Канал Z. Эксп = 50 Амп = 1483
Канал Z. Эксп = 1078 Амп = 1100
Канал Z. Эксп = 4000 Амп = 21006
>>> m36_032_Z_202308291134.txt
Канал D. Эксп = 4000 Амп = 199
>>> m36_032_Dz_202308291134.txt
Расчёт спектра ZD.
>>> m36_032_ZD_202308291134.txt
Канал Z. Эксп = 50 Амп = 1163
Канал Z. Эксп = 1375 Амп = 1147
Канал Z. Эксп = 4000 Амп = 30121
>>> m36_033_Z_202308291144.txt
Канал D. Эксп = 4000 Амп = 223
>>> m36_033_Dz_202308291144.txt
Расчёт спектра ZD.
>>> m36_033_ZD_202308291144.txt
Канал Z. Эксп = 50 Амп = 1164
Канал Z. Эксп = 1374 Амп = 1188
Канал Z. Эксп = 4000 Амп = 30234
>>> m36_034_Z_202308291154.txt
Канал D. Эксп = 4000 Амп = 228
>>> m36_034_Dz_202308291154.txt
Расчёт спектра ZD.
>>> m36_034_ZD_202308291154.txt
Канал Z. Эксп = 50 Амп = 1865
Канал Z. Эксп = 857 Амп = 1746
Канал Z. Эксп = 4000 Амп = 31205
>>> m36_035_Z_202308291204.txt
Канал D. Эксп = 4000 Амп = 223
>>> m36_035_Dz_202308291204.txt
Расчёт спектра ZD.
>>> m36_035_ZD_202308291204.txt
Канал Z. Эксп = 50 Амп = 1026
Канал Z. Эксп = 1559 Амп = 989
Канал Z. Эксп = 4000 Амп = 29133
>>> m36_036_Z_202308291214.txt
Канал D. Эксп = 4000 Амп = 232
>>> m36_036_Dz_202308291214.txt
Расчёт спектра ZD.
>>> m36_036_ZD_202308291214.txt
Канал Z. Эксп = 50 Амп = 2566
Канал Z. Эксп = 623 Амп = 1657
Канал Z. Эксп = 4000 Амп = 17022
>>> m36_037_Z_202308291224.txt
Канал D. Эксп = 4000 Амп = 239
>>> m36_037_Dz_202308291224.txt
Расчёт спектра ZD.
>>> m36_037_ZD_202308291224.txt
local variable 'start' referenced before assignment
>>> m36_038_Z_202308291310.txt
local variable 'start' referenced before assignment
>>> m36_039_Z_202308291311.txt
local variable 'start' referenced before assignment
>>> m36_040_Z_202308291321.txt
local variable 'start' referenced before assignment
>>> m36_041_Z_202308291323.txt
argument should be integer or bytes-like object, not 'str'
>>> m36_042_Z_202308291327.txt
a bytes-like object is required, not 'str'
>>> m36_043_Z_202308291331.txt
a bytes-like object is required, not 'str'
>>> m36_044_Z_202308291333.txt
Сбой! Данные не получены (Проверьте подключение кабеля к УФОС)
Сбой! Данные не получены (Проверьте подключение кабеля к УФОС)
Сбой! Данные не получены (Проверьте подключение кабеля к УФОС)
Сбой! Данные не получены (Проверьте подключение кабеля к УФОС)
a bytes-like object is required, not 'str'
>>> m36_045_Z_202308291335.txt
Сбой! Данные не получены (Проверьте подключение кабеля к УФОС)
Сбой! Данные не получены (Проверьте подключение кабеля к УФОС)
argument should be integer or bytes-like object, not 'str'
>>> m36_046_Z_202308291337.txt
argument should be integer or bytes-like object, not 'str'
>>> m36_047_Z_202308291339.txt
argument should be integer or bytes-like object, not 'str'
>>> m36_048_Z_202308291340.txt
Сбой! Данные не получены (Проверьте подключение кабеля к УФОС)
Сбой! Данные не получены (Проверьте подключение кабеля к УФОС)
subsection not found
>>> m36_049_Z_202308291341.txt
Канал Z. Эксп = 50 Амп = 6327
>>> m36_050_Z_202308291345.txt
Канал D. Эксп = 50 Амп = 3976
>>> m36_050_Dz_202308291345.txt
Расчёт спектра ZD.
>>> m36_050_ZD_202308291345.txt
Канал Z. Эксп = 50 Амп = 1828
>>> m36_051_Z_202308291350.txt
Канал D. Эксп = 50 Амп = 1828
>>> m36_051_Dz_202308291350.txt
Расчёт спектра ZD.
>>> m36_051_ZD_202308291350.txt
Сбой! Данные не получены (Проверьте подключение кабеля к УФОС)
Сбой! Данные не получены (Проверьте подключение кабеля к УФОС)
cannot unpack non-iterable int object
>>> m36_052_Z_202308291354.txt
Сбой! Данные не получены (Проверьте подключение кабеля к УФОС)
Сбой! Данные не получены (Проверьте подключение кабеля к УФОС)
Канал Z. Эксп = 50 Амп = 1828
>>> m36_053_Z_202308291356.txt
Канал D. Эксп = 50 Амп = 1828
>>> m36_053_Dz_202308291356.txt
Расчёт спектра ZD.
>>> m36_053_ZD_202308291356.txt
Канал Z. Эксп = 50 Амп = 1828
>>> m36_054_Z_202308291358.txt
Канал D. Эксп = 50 Амп = 1828
>>> m36_054_Dz_202308291358.txt
Расчёт спектра ZD.
>>> m36_054_ZD_202308291358.txt
Канал Z. Эксп = 50 Амп = 2016
>>> m36_055_Z_202308291359.txt
Канал D. Эксп = 50 Амп = 2064
>>> m36_055_Dz_202308291359.txt
Расчёт спектра ZD.
>>> m36_055_ZD_202308291359.txt
Канал Z. Эксп = 50 Амп = 1889
>>> m36_056_Z_202308291401.txt
Канал D. Эксп = 50 Амп = 1897
>>> m36_056_Dz_202308291401.txt
Расчёт спектра ZD.
>>> m36_056_ZD_202308291401.txt
Канал Z. Эксп = 50 Амп = 8590
Канал Z. Эксп = 186 Амп = 9323
Канал Z. Эксп = 638 Амп = 29595
Канал Z. Эксп = 1276 Амп = 65280
Канал Z. Эксп = 2555 Амп = 65280
Канал Z. Эксп = 4000 Амп = 65280
>>> m36_057_Z_202308291410.txt
Канал D. Эксп = 4000 Амп = 3864
>>> m36_057_Dz_202308291410.txt
Расчёт спектра ZD.
>>> m36_057_ZD_202308291410.txt
Канал Z. Эксп = 50 Амп = 3880
Канал Z. Эксп = 412 Амп = 4033
Канал Z. Эксп = 3269 Амп = 30616
>>> m36_058_Z_202308291412.txt
Канал D. Эксп = 3269 Амп = 6104
>>> m36_058_Dz_202308291413.txt
Расчёт спектра ZD.
>>> m36_058_ZD_202308291413.txt
Канал Z. Эксп = 50 Амп = 4638
Канал Z. Эксп = 344 Амп = 4239
Канал Z. Эксп = 2596 Амп = 27261
>>> m36_059_Z_202308291414.txt
Канал D. Эксп = 2596 Амп = 1828
>>> m36_059_Dz_202308291415.txt
Расчёт спектра ZD.
>>> m36_059_ZD_202308291415.txt
Канал Z. Эксп = 50 Амп = 8830
Канал Z. Эксп = 181 Амп = 4813
Канал Z. Эксп = 1203 Амп = 15411
Канал Z. Эксп = 2497 Амп = 39851
>>> m36_060_Z_202308291419.txt
Канал D. Эксп = 2497 Амп = 1977
>>> m36_060_Dz_202308291419.txt
Расчёт спектра ZD.
>>> m36_060_ZD_202308291419.txt
Канал Z. Эксп = 50 Амп = 3713
Канал Z. Эксп = 426 Амп = 3634
Канал Z. Эксп = 3751 Амп = 31947
>>> m36_061_Z_202308291427.txt
Канал D. Эксп = 3751 Амп = 3355
>>> m36_061_Dz_202308291428.txt
Расчёт спектра ZD.
>>> m36_061_ZD_202308291428.txt
Канал Z. Эксп = 50 Амп = 5235
Канал Z. Эксп = 299 Амп = 5507
Канал Z. Эксп = 1729 Амп = 30824
>>> m36_062_Z_202308291437.txt
Канал D. Эксп = 1729 Амп = 3442
>>> m36_062_Dz_202308291437.txt
Расчёт спектра ZD.
>>> m36_062_ZD_202308291437.txt
Канал Z. Эксп = 50 Амп = 1828
Канал Z. Эксп = 875 Амп = 1828
Канал Z. Эксп = 4000 Амп = 28368
>>> m36_063_Z_202308291447.txt
Канал D. Эксп = 4000 Амп = 3060
>>> m36_063_Dz_202308291448.txt
Расчёт спектра ZD.
>>> m36_063_ZD_202308291448.txt
Канал Z. Эксп = 50 Амп = 2486
>>> m36_064_Z_202308291457.txt
Канал D. Эксп = 50 Амп = 200
>>> m36_064_Dz_202308291457.txt
Расчёт спектра ZD.
>>> m36_064_ZD_202308291457.txt
Канал Z. Эксп = 50 Амп = 2511
>>> m36_065_Z_202308291507.txt
Канал D. Эксп = 50 Амп = 343
>>> m36_065_Dz_202308291507.txt
Расчёт спектра ZD.
>>> m36_065_ZD_202308291507.txt
Канал Z. Эксп = 50 Амп = 1092
Канал Z. Эксп = 1465 Амп = 1180
Канал Z. Эксп = 4000 Амп = 35525
>>> m36_066_Z_202308291512.txt
Канал D. Эксп = 4000 Амп = 343
>>> m36_066_Dz_202308291513.txt
Расчёт спектра ZD.
>>> m36_066_ZD_202308291513.txt
Канал Z. Эксп = 50 Амп = 1203
Канал Z. Эксп = 1330 Амп = 1196
Канал Z. Эксп = 4000 Амп = 31692
>>> m36_067_Z_202308291517.txt
Канал D. Эксп = 4000 Амп = 366
>>> m36_067_Dz_202308291518.txt
Расчёт спектра ZD.
>>> m36_067_ZD_202308291518.txt
Канал Z. Эксп = 50 Амп = 3442
Канал Z. Эксп = 464 Амп = 3498
Канал Z. Эксп = 4000 Амп = 30631
>>> m36_068_Z_202308291527.txt
Канал D. Эксп = 4000 Амп = 517
>>> m36_068_Dz_202308291528.txt
Расчёт спектра ZD.
>>> m36_068_ZD_202308291528.txt
Канал Z. Эксп = 50 Амп = 2017
Канал Z. Эксп = 793 Амп = 2032
Канал Z. Эксп = 4000 Амп = 29724
>>> m36_069_Z_202308291532.txt
Канал D. Эксп = 4000 Амп = 479
>>> m36_069_Dz_202308291532.txt
Расчёт спектра ZD.
>>> m36_069_ZD_202308291532.txt
Канал Z. Эксп = 50 Амп = 4806
Канал Z. Эксп = 332 Амп = 5459
Канал Z. Эксп = 1946 Амп = 36879
>>> m36_070_Z_202308291537.txt
Канал D. Эксп = 1946 Амп = 1828
>>> m36_070_Dz_202308291538.txt
Расчёт спектра ZD.
>>> m36_070_ZD_202308291538.txt
Сбой! Данные не получены (Проверьте подключение кабеля к УФОС)
Сбой! Данные не получены (Проверьте подключение кабеля к УФОС)
Сбой! Данные не получены (Проверьте подключение кабеля к УФОС)
Сбой! Данные не получены (Проверьте подключение кабеля к УФОС)
Сбой! Данные не получены (Проверьте подключение кабеля к УФОС)
Сбой! Данные не получены (Проверьте подключение кабеля к УФОС)
Сбой! Данные не получены (Проверьте подключение кабеля к УФОС)
Сбой! Данные не получены (Проверьте подключение кабеля к УФОС)
Сбой! Данные не получены (Проверьте подключение кабеля к УФОС)
Сбой! Данные не получены (Проверьте подключение кабеля к УФОС)
Канал Z. Эксп = 50 Амп = 2774
Канал Z. Эксп = 576 Амп = 1828
Канал Z. Эксп = 4000 Амп = 18448
>>> m36_071_Z_202308291548.txt
Канал D. Эксп = 4000 Амп = 1828
>>> m36_071_Dz_202308291549.txt
Расчёт спектра ZD.
>>> m36_071_ZD_202308291549.txt
Канал Z. Эксп = 50 Амп = 4271
Канал Z. Эксп = 374 Амп = 5371
Канал Z. Эксп = 2228 Амп = 46410
>>> m36_072_Z_202308291558.txt
Канал D. Эксп = 2228 Амп = 7132
>>> m36_072_Dz_202308291558.txt
Расчёт спектра ZD.
>>> m36_072_ZD_202308291558.txt
Канал Z. Эксп = 50 Амп = 3163
Канал Z. Эксп = 505 Амп = 2813
Канал Z. Эксп = 4000 Амп = 27675
>>> m36_073_Z_202308291608.txt
Канал D. Эксп = 4000 Амп = 2686
>>> m36_073_Dz_202308291609.txt
Расчёт спектра ZD.
>>> m36_073_ZD_202308291609.txt
Канал Z. Эксп = 50 Амп = 3960
Канал Z. Эксп = 404 Амп = 5084
Канал Z. Эксп = 2542 Амп = 56292
>>> m36_074_Z_202308291618.txt
Сбой! Данные не получены (Проверьте подключение кабеля к УФОС)
Сбой! Данные не получены (Проверьте подключение кабеля к УФОС)
Канал Z. Эксп = 50 Амп = 1828
Канал Z. Эксп = 875 Амп = 1828
Канал Z. Эксп = 4000 Амп = 25086
>>> m36_075_Z_202308291730.txt
Канал D. Эксп = 4000 Амп = 1828
>>> m36_075_Dz_202308291731.txt
Расчёт спектра ZD.
>>> m36_075_ZD_202308291731.txt
Канал Z. Эксп = 50 Амп = 1828
Канал Z. Эксп = 875 Амп = 1828
Канал Z. Эксп = 4000 Амп = 18066
>>> m36_076_Z_202308291740.txt
Канал D. Эксп = 4000 Амп = 1828
>>> m36_076_Dz_202308291740.txt
Расчёт спектра ZD.
>>> m36_076_ZD_202308291740.txt
Канал Z. Эксп = 50 Амп = 1828
Канал Z. Эксп = 875 Амп = 1828
Канал Z. Эксп = 4000 Амп = 27476
>>> m36_077_Z_202308291750.txt
Канал D. Эксп = 4000 Амп = 1828
>>> m36_077_Dz_202308291750.txt
Расчёт спектра ZD.
>>> m36_077_ZD_202308291750.txt
Канал Z. Эксп = 50 Амп = 1828
Канал Z. Эксп = 875 Амп = 1828
Канал Z. Эксп = 4000 Амп = 14742
>>> m36_078_Z_202308291800.txt
Канал D. Эксп = 4000 Амп = 1828
>>> m36_078_Dz_202308291800.txt
Расчёт спектра ZD.
>>> m36_078_ZD_202308291800.txt
Канал Z. Эксп = 50 Амп = 1828
Канал Z. Эксп = 875 Амп = 1828
Канал Z. Эксп = 4000 Амп = 27524
>>> m36_079_Z_202308291810.txt
Канал D. Эксп = 4000 Амп = 1832
>>> m36_079_Dz_202308291810.txt
Расчёт спектра ZD.
>>> m36_079_ZD_202308291810.txt
Канал Z. Эксп = 50 Амп = 1828
Канал Z. Эксп = 875 Амп = 1828
Канал Z. Эксп = 4000 Амп = 26616
>>> m36_080_Z_202308291820.txt
Канал D. Эксп = 4000 Амп = 1828
>>> m36_080_Dz_202308291820.txt
Расчёт спектра ZD.
>>> m36_080_ZD_202308291820.txt
Канал Z. Эксп = 50 Амп = 1828
Канал Z. Эксп = 875 Амп = 1828
Канал Z. Эксп = 4000 Амп = 16249
>>> m36_081_Z_202308291830.txt
Канал D. Эксп = 4000 Амп = 1828
>>> m36_081_Dz_202308291830.txt
Расчёт спектра ZD.
>>> m36_081_ZD_202308291830.txt
Канал Z. Эксп = 50 Амп = 1828
Канал Z. Эксп = 875 Амп = 1828
Канал Z. Эксп = 4000 Амп = 13586
>>> m36_082_Z_202308291840.txt
Канал D. Эксп = 4000 Амп = 1828
>>> m36_082_Dz_202308291840.txt
Расчёт спектра ZD.
>>> m36_082_ZD_202308291840.txt
Канал Z. Эксп = 50 Амп = 1828
Канал Z. Эксп = 875 Амп = 1828
Канал Z. Эксп = 4000 Амп = 11156
>>> m36_083_Z_202308291850.txt
Канал D. Эксп = 4000 Амп = 1828
>>> m36_083_Dz_202308291850.txt
Расчёт спектра ZD.
>>> m36_083_ZD_202308291850.txt
Канал Z. Эксп = 50 Амп = 1828
Канал Z. Эксп = 875 Амп = 1828
Канал Z. Эксп = 4000 Амп = 9531
>>> m36_084_Z_202308291900.txt
Канал D. Эксп = 4000 Амп = 1828
>>> m36_084_Dz_202308291900.txt
Расчёт спектра ZD.
>>> m36_084_ZD_202308291900.txt
Канал Z. Эксп = 50 Амп = 1828
Канал Z. Эксп = 875 Амп = 1828
Канал Z. Эксп = 4000 Амп = 8311
>>> m36_085_Z_202308291910.txt
Канал D. Эксп = 4000 Амп = 1828
>>> m36_085_Dz_202308291910.txt
Расчёт спектра ZD.
>>> m36_085_ZD_202308291910.txt
Канал Z. Эксп = 50 Амп = 1828
Канал Z. Эксп = 875 Амп = 1828
Канал Z. Эксп = 4000 Амп = 7539
>>> m36_086_Z_202308291920.txt
Канал D. Эксп = 4000 Амп = 1828
>>> m36_086_Dz_202308291920.txt
Расчёт спектра ZD.
>>> m36_086_ZD_202308291920.txt
Канал Z. Эксп = 50 Амп = 1828
Канал Z. Эксп = 875 Амп = 1828
Канал Z. Эксп = 4000 Амп = 6670
>>> m36_087_Z_202308291930.txt
Канал D. Эксп = 4000 Амп = 1828
>>> m36_087_Dz_202308291930.txt
Расчёт спектра ZD.
>>> m36_087_ZD_202308291930.txt
Канал Z. Эксп = 50 Амп = 1828
Канал Z. Эксп = 875 Амп = 1828
Канал Z. Эксп = 4000 Амп = 5984
>>> m36_088_Z_202308291940.txt
Канал D. Эксп = 4000 Амп = 1828
>>> m36_088_Dz_202308291940.txt
Расчёт спектра ZD.
>>> m36_088_ZD_202308291940.txt
Канал Z. Эксп = 50 Амп = 1828
Канал Z. Эксп = 875 Амп = 1828
Канал Z. Эксп = 4000 Амп = 5595
>>> m36_001_Z_202308300618.txt
Канал D. Эксп = 4000 Амп = 1828
>>> m36_001_Dz_202308300619.txt
Расчёт спектра ZD.
>>> m36_001_ZD_202308300619.txt
Канал Z. Эксп = 50 Амп = 1828
Канал Z. Эксп = 875 Амп = 1828
Канал Z. Эксп = 4000 Амп = 6487
>>> m36_002_Z_202308300628.txt
Канал D. Эксп = 4000 Амп = 1828
>>> m36_002_Dz_202308300629.txt
Расчёт спектра ZD.
>>> m36_002_ZD_202308300629.txt
Канал Z. Эксп = 50 Амп = 1828
Канал Z. Эксп = 875 Амп = 1828
Канал Z. Эксп = 4000 Амп = 7459
>>> m36_003_Z_202308300638.txt
Канал D. Эксп = 4000 Амп = 1828
>>> m36_003_Dz_202308300639.txt
Расчёт спектра ZD.
>>> m36_003_ZD_202308300639.txt
Канал Z. Эксп = 50 Амп = 1828
Канал Z. Эксп = 875 Амп = 1828
Канал Z. Эксп = 4000 Амп = 8280
>>> m36_004_Z_202308300648.txt
Канал D. Эксп = 4000 Амп = 1828
>>> m36_004_Dz_202308300649.txt
Расчёт спектра ZD.
>>> m36_004_ZD_202308300649.txt
Канал Z. Эксп = 50 Амп = 1828
Канал Z. Эксп = 875 Амп = 1828
Канал Z. Эксп = 4000 Амп = 15188
>>> m36_005_Z_202308300658.txt
Канал D. Эксп = 4000 Амп = 1828
>>> m36_005_Dz_202308300659.txt
Расчёт спектра ZD.
>>> m36_005_ZD_202308300659.txt
Канал Z. Эксп = 50 Амп = 1828
Канал Z. Эксп = 875 Амп = 1828
Канал Z. Эксп = 4000 Амп = 13204
>>> m36_006_Z_202308300708.txt
Канал D. Эксп = 4000 Амп = 1828
>>> m36_006_Dz_202308300709.txt
Расчёт спектра ZD.
>>> m36_006_ZD_202308300709.txt
Канал Z. Эксп = 50 Амп = 1828
Канал Z. Эксп = 875 Амп = 1828
Канал Z. Эксп = 4000 Амп = 11348
>>> m36_007_Z_202308300718.txt
Канал D. Эксп = 4000 Амп = 1828
>>> m36_007_Dz_202308300719.txt
Расчёт спектра ZD.
>>> m36_007_ZD_202308300719.txt
Канал Z. Эксп = 50 Амп = 1828
Канал Z. Эксп = 875 Амп = 1828
Канал Z. Эксп = 4000 Амп = 12383
>>> m36_008_Z_202308300728.txt
Канал D. Эксп = 4000 Амп = 1828
>>> m36_008_Dz_202308300729.txt
Расчёт спектра ZD.
>>> m36_008_ZD_202308300729.txt
Канал Z. Эксп = 50 Амп = 1828
Канал Z. Эксп = 875 Амп = 1828
Канал Z. Эксп = 4000 Амп = 13260
>>> m36_009_Z_202308300738.txt
Канал D. Эксп = 4000 Амп = 1828
>>> m36_009_Dz_202308300739.txt
Расчёт спектра ZD.
>>> m36_009_ZD_202308300739.txt
Канал Z. Эксп = 50 Амп = 1828
Канал Z. Эксп = 875 Амп = 1828
Канал Z. Эксп = 4000 Амп = 14064
>>> m36_010_Z_202308300748.txt
Канал D. Эксп = 4000 Амп = 1828
>>> m36_010_Dz_202308300749.txt
Расчёт спектра ZD.
>>> m36_010_ZD_202308300749.txt
Канал Z. Эксп = 50 Амп = 1828
Канал Z. Эксп = 875 Амп = 1828
Канал Z. Эксп = 4000 Амп = 14917
>>> m36_011_Z_202308300758.txt
Канал D. Эксп = 4000 Амп = 1828
>>> m36_011_Dz_202308300759.txt
Расчёт спектра ZD.
>>> m36_011_ZD_202308300759.txt
Канал Z. Эксп = 50 Амп = 1828
Канал Z. Эксп = 875 Амп = 1828
Канал Z. Эксп = 4000 Амп = 15938
>>> m36_012_Z_202308300808.txt
Канал D. Эксп = 4000 Амп = 1828
>>> m36_012_Dz_202308300809.txt
Расчёт спектра ZD.
>>> m36_012_ZD_202308300809.txt
Канал Z. Эксп = 50 Амп = 1828
Канал Z. Эксп = 875 Амп = 1828
Канал Z. Эксп = 4000 Амп = 2104
>>> m36_001_Z_202308300818.txt
Канал D. Эксп = 4000 Амп = 1828
>>> m36_001_Dz_202308300819.txt
Расчёт спектра ZD.
>>> m36_001_ZD_202308300819.txt
Канал Z. Эксп = 50 Амп = 1828
Канал Z. Эксп = 875 Амп = 1828
Канал Z. Эксп = 4000 Амп = 1920
>>> m36_002_Z_202308300828.txt
Канал D. Эксп = 4000 Амп = 1828
>>> m36_002_Dz_202308300829.txt
Расчёт спектра ZD.
>>> m36_002_ZD_202308300829.txt
Канал Z. Эксп = 50 Амп = 1828
Канал Z. Эксп = 875 Амп = 1828
Канал Z. Эксп = 4000 Амп = 2009
>>> m36_003_Z_202308300838.txt
Канал D. Эксп = 4000 Амп = 1828
>>> m36_003_Dz_202308300839.txt
Расчёт спектра ZD.
>>> m36_003_ZD_202308300839.txt
Канал Z. Эксп = 50 Амп = 1828
Канал Z. Эксп = 875 Амп = 1828
Канал Z. Эксп = 4000 Амп = 2104
>>> m36_004_Z_202308300848.txt
Канал D. Эксп = 4000 Амп = 1828
>>> m36_004_Dz_202308300849.txt
Расчёт спектра ZD.
>>> m36_004_ZD_202308300849.txt
Канал Z. Эксп = 50 Амп = 1828
Канал Z. Эксп = 875 Амп = 1828
Канал Z. Эксп = 4000 Амп = 1828
>>> m36_005_Z_202308300858.txt
Канал D. Эксп = 4000 Амп = 1828
>>> m36_005_Dz_202308300859.txt
Расчёт спектра ZD.
>>> m36_005_ZD_202308300859.txt
Канал Z. Эксп = 50 Амп = 1828
Канал Z. Эксп = 875 Амп = 1828
Канал Z. Эксп = 4000 Амп = 2215
>>> m36_006_Z_202308300908.txt
Канал D. Эксп = 4000 Амп = 1828
>>> m36_006_Dz_202308300909.txt
Расчёт спектра ZD.
>>> m36_006_ZD_202308300909.txt
Канал Z. Эксп = 50 Амп = 1828
Канал Z. Эксп = 875 Амп = 1828
Канал Z. Эксп = 4000 Амп = 2295
>>> m36_007_Z_202308300918.txt
Канал D. Эксп = 4000 Амп = 1828
>>> m36_007_Dz_202308300919.txt
Расчёт спектра ZD.
>>> m36_007_ZD_202308300919.txt
